<?xml version="1.0" encoding="UTF-8"?>
<!-- Generated by org.testng.reporters.JUnitXMLReporter -->
<testsuite ignored="1" hostname="pc" failures="0" tests="3" name="Default test" time="10.868" errors="0" timestamp="10 Apr 2019 15:20:30 GMT">
  <testcase classname="com.whitecircleschool.JenkinsDemo.MultipleValidations" name="verifySignBtnBeforeText" time="0.023"/>
  <testcase classname="com.whitecircleschool.JenkinsDemo.MultipleValidations" name="verifyText" time="0.022"/>
  <testcase classname="com.whitecircleschool.JenkinsDemo.MultipleValidations" name="verifySearchBtn" time="0.02"/>
  <testcase classname="com.whitecircleschool.JenkinsDemo.MultipleValidations" name="verifySignBtnAfterText" time="0.0">
    <ignored/>
  </testcase> <!-- verifySignBtnAfterText -->
</testsuite> <!-- Default test -->
