<?xml version="1.0" encoding="UTF-8"?>
<testng-results ignored="1" total="4" passed="3" failed="0" skipped="0">
  <reporter-output>
  </reporter-output>
  <suite started-at="2019-04-10T15:20:19Z" name="Default suite" finished-at="2019-04-10T15:20:30Z" duration-ms="10868">
    <groups>
    </groups>
    <test started-at="2019-04-10T15:20:19Z" name="Default test" finished-at="2019-04-10T15:20:30Z" duration-ms="10868">
      <class name="com.whitecircleschool.JenkinsDemo.MultipleValidations">
        <test-method is-config="true" signature="openBrowser()[pri:0, instance:com.whitecircleschool.JenkinsDemo.MultipleValidations@7d20d0b]" started-at="2019-04-10T15:20:19Z" name="openBrowser" finished-at="2019-04-10T15:20:27Z" duration-ms="8476" status="PASS">
          <reporter-output>
          </reporter-output>
        </test-method> <!-- openBrowser -->
        <test-method signature="verifySignBtnBeforeText()[pri:1, instance:com.whitecircleschool.JenkinsDemo.MultipleValidations@7d20d0b]" started-at="2019-04-10T15:20:27Z" name="verifySignBtnBeforeText" finished-at="2019-04-10T15:20:27Z" duration-ms="23" status="PASS">
          <reporter-output>
          </reporter-output>
        </test-method> <!-- verifySignBtnBeforeText -->
        <test-method signature="verifyText()[pri:3, instance:com.whitecircleschool.JenkinsDemo.MultipleValidations@7d20d0b]" started-at="2019-04-10T15:20:27Z" name="verifyText" finished-at="2019-04-10T15:20:27Z" duration-ms="22" status="PASS">
          <reporter-output>
          </reporter-output>
        </test-method> <!-- verifyText -->
        <test-method signature="verifySearchBtn()[pri:4, instance:com.whitecircleschool.JenkinsDemo.MultipleValidations@7d20d0b]" started-at="2019-04-10T15:20:27Z" name="verifySearchBtn" finished-at="2019-04-10T15:20:27Z" duration-ms="20" status="PASS">
          <reporter-output>
          </reporter-output>
        </test-method> <!-- verifySearchBtn -->
        <test-method is-config="true" signature="closeBrowser()[pri:0, instance:com.whitecircleschool.JenkinsDemo.MultipleValidations@7d20d0b]" started-at="2019-04-10T15:20:27Z" name="closeBrowser" finished-at="2019-04-10T15:20:30Z" duration-ms="2314" status="PASS">
          <reporter-output>
          </reporter-output>
        </test-method> <!-- closeBrowser -->
      </class> <!-- com.whitecircleschool.JenkinsDemo.MultipleValidations -->
    </test> <!-- Default test -->
  </suite> <!-- Default suite -->
</testng-results>
